{"D:\\1. Learning\\Others\\mi-api\\src\\index.ts": {"path":"D:\\1. Learning\\Others\\mi-api\\src\\index.ts","statementMap":{"0":{"start":{"line":1,"column":0},"end":{"line":1,"column":30}},"1":{"start":{"line":2,"column":0},"end":{"line":2,"column":32}},"2":{"start":{"line":3,"column":0},"end":{"line":3,"column":48}},"3":{"start":{"line":5,"column":13},"end":{"line":5,"column":29}},"4":{"start":{"line":6,"column":13},"end":{"line":6,"column":25}},"5":{"start":{"line":9,"column":0},"end":{"line":9,"column":87}},"6":{"start":{"line":10,"column":11},"end":{"line":10,"column":30}},"7":{"start":{"line":11,"column":0},"end":{"line":11,"column":76}},"8":{"start":{"line":12,"column":0},"end":{"line":14,"column":3}},"9":{"start":{"line":13,"column":21},"end":{"line":13,"column":99}},"10":{"start":{"line":16,"column":0},"end":{"line":16,"column":24}},"11":{"start":{"line":19,"column":0},"end":{"line":19,"column":34}},"12":{"start":{"line":26,"column":85},"end":{"line":26,"column":37532}},"13":{"start":{"line":26,"column":89},"end":{"line":26,"column":37521}},"14":{"start":{"line":26,"column":37647},"end":{"line":26,"column":37653}},"15":{"start":{"line":26,"column":37768},"end":{"line":26,"column":37774}},"16":{"start":{"line":26,"column":37856},"end":{"line":26,"column":37862}},"17":{"start":{"line":26,"column":37947},"end":{"line":26,"column":37953}}},"fnMap":{"0":{"name":"(anonymous_1)","decl":{"start":{"line":12,"column":16},"end":{"line":12,"column":19}},"loc":{"start":{"line":12,"column":21},"end":{"line":14,"column":1}}},"1":{"name":"oo_cm","decl":{"start":{"line":26,"column":77},"end":{"line":26,"column":82}},"loc":{"start":{"line":26,"column":82},"end":{"line":26,"column":37533}}}},"branchMap":{"0":{"loc":{"start":{"line":26,"column":96},"end":{"line":26,"column":37520}},"type":"binary-expr","locations":[{"start":{"line":26,"column":96},"end":{"line":26,"column":133}},{"start":{"line":26,"column":137},"end":{"line":26,"column":37520}}]}},"s":{"0":1,"1":1,"2":1,"3":1,"4":1,"5":1,"6":1,"7":1,"8":1,"9":1,"10":1,"11":1,"12":1,"13":1,"14":1,"15":1,"16":1,"17":1},"f":{"0":1,"1":1},"b":{"0":[1,1]}}
,"D:\\1. Learning\\Others\\mi-api\\src\\controllers\\userController.ts": {"path":"D:\\1. Learning\\Others\\mi-api\\src\\controllers\\userController.ts","statementMap":{"0":{"start":{"line":2,"column":0},"end":{"line":2,"column":39}},"1":{"start":{"line":4,"column":26},"end":{"line":18,"column":2}},"2":{"start":{"line":4,"column":64},"end":{"line":18,"column":2}},"3":{"start":{"line":5,"column":1},"end":{"line":17,"column":2}},"4":{"start":{"line":6,"column":22},"end":{"line":6,"column":86}},"5":{"start":{"line":7,"column":65},"end":{"line":7,"column":73}},"6":{"start":{"line":10,"column":18},"end":{"line":10,"column":82}},"7":{"start":{"line":11,"column":2},"end":{"line":11,"column":23}},"8":{"start":{"line":13,"column":2},"end":{"line":13,"column":32}},"9":{"start":{"line":15,"column":2},"end":{"line":15,"column":23}},"10":{"start":{"line":16,"column":2},"end":{"line":16,"column":59}},"11":{"start":{"line":4,"column":13},"end":{"line":4,"column":26}},"12":{"start":{"line":20,"column":27},"end":{"line":38,"column":2}},"13":{"start":{"line":20,"column":65},"end":{"line":38,"column":2}},"14":{"start":{"line":21,"column":1},"end":{"line":37,"column":2}},"15":{"start":{"line":22,"column":15},"end":{"line":22,"column":53}},"16":{"start":{"line":23,"column":2},"end":{"line":28,"column":3}},"17":{"start":{"line":24,"column":3},"end":{"line":27,"column":6}},"18":{"start":{"line":29,"column":2},"end":{"line":33,"column":5}},"19":{"start":{"line":35,"column":2},"end":{"line":35,"column":23}},"20":{"start":{"line":36,"column":2},"end":{"line":36,"column":59}},"21":{"start":{"line":20,"column":13},"end":{"line":20,"column":27}},"22":{"start":{"line":45,"column":85},"end":{"line":45,"column":37532}},"23":{"start":{"line":45,"column":89},"end":{"line":45,"column":37521}},"24":{"start":{"line":45,"column":37647},"end":{"line":45,"column":37653}},"25":{"start":{"line":45,"column":37768},"end":{"line":45,"column":37774}},"26":{"start":{"line":45,"column":37856},"end":{"line":45,"column":37862}},"27":{"start":{"line":45,"column":37947},"end":{"line":45,"column":37953}}},"fnMap":{"0":{"name":"(anonymous_8)","decl":{"start":{"line":4,"column":26},"end":{"line":4,"column":33}},"loc":{"start":{"line":4,"column":64},"end":{"line":18,"column":2}}},"1":{"name":"(anonymous_9)","decl":{"start":{"line":4,"column":64},"end":{"line":4,"column":null}},"loc":{"start":{"line":4,"column":64},"end":{"line":18,"column":1}}},"2":{"name":"(anonymous_10)","decl":{"start":{"line":20,"column":27},"end":{"line":20,"column":34}},"loc":{"start":{"line":20,"column":65},"end":{"line":38,"column":2}}},"3":{"name":"(anonymous_11)","decl":{"start":{"line":20,"column":65},"end":{"line":20,"column":null}},"loc":{"start":{"line":20,"column":65},"end":{"line":38,"column":1}}},"4":{"name":"oo_cm","decl":{"start":{"line":45,"column":77},"end":{"line":45,"column":82}},"loc":{"start":{"line":45,"column":82},"end":{"line":45,"column":37533}}}},"branchMap":{"0":{"loc":{"start":{"line":23,"column":2},"end":{"line":28,"column":3}},"type":"if","locations":[{"start":{"line":23,"column":2},"end":{"line":28,"column":3}}]},"1":{"loc":{"start":{"line":45,"column":96},"end":{"line":45,"column":37520}},"type":"binary-expr","locations":[{"start":{"line":45,"column":96},"end":{"line":45,"column":133}},{"start":{"line":45,"column":137},"end":{"line":45,"column":37520}}]}},"s":{"0":1,"1":1,"2":0,"3":0,"4":0,"5":0,"6":0,"7":0,"8":0,"9":0,"10":0,"11":1,"12":1,"13":1,"14":1,"15":1,"16":1,"17":0,"18":1,"19":0,"20":0,"21":1,"22":0,"23":0,"24":1,"25":1,"26":1,"27":1},"f":{"0":0,"1":0,"2":1,"3":1,"4":0},"b":{"0":[0],"1":[0,0]}}
,"D:\\1. Learning\\Others\\mi-api\\src\\middleware\\joiValidation.ts": {"path":"D:\\1. Learning\\Others\\mi-api\\src\\middleware\\joiValidation.ts","statementMap":{"0":{"start":{"line":2,"column":0},"end":{"line":2,"column":40}},"1":{"start":{"line":4,"column":28},"end":{"line":19,"column":1}},"2":{"start":{"line":5,"column":30},"end":{"line":11,"column":3}},"3":{"start":{"line":13,"column":19},"end":{"line":13,"column":44}},"4":{"start":{"line":14,"column":1},"end":{"line":16,"column":2}},"5":{"start":{"line":15,"column":2},"end":{"line":15,"column":86}},"6":{"start":{"line":15,"column":67},"end":{"line":15,"column":81}},"7":{"start":{"line":18,"column":1},"end":{"line":18,"column":8}},"8":{"start":{"line":4,"column":13},"end":{"line":4,"column":28}}},"fnMap":{"0":{"name":"(anonymous_1)","decl":{"start":{"line":4,"column":28},"end":{"line":4,"column":29}},"loc":{"start":{"line":4,"column":80},"end":{"line":19,"column":1}}},"1":{"name":"(anonymous_2)","decl":{"start":{"line":15,"column":57},"end":{"line":15,"column":63}},"loc":{"start":{"line":15,"column":67},"end":{"line":15,"column":81}}}},"branchMap":{"0":{"loc":{"start":{"line":14,"column":1},"end":{"line":16,"column":2}},"type":"if","locations":[{"start":{"line":14,"column":1},"end":{"line":16,"column":2}}]}},"s":{"0":1,"1":1,"2":0,"3":0,"4":0,"5":0,"6":0,"7":0,"8":1},"f":{"0":0,"1":0},"b":{"0":[0]}}
,"D:\\1. Learning\\Others\\mi-api\\src\\models\\userModel.ts": {"path":"D:\\1. Learning\\Others\\mi-api\\src\\models\\userModel.ts","statementMap":{"0":{"start":{"line":1,"column":0},"end":{"line":1,"column":54}},"1":{"start":{"line":11,"column":19},"end":{"line":17,"column":2}},"2":{"start":{"line":19,"column":13},"end":{"line":19,"column":54}},"3":{"start":{"line":21,"column":0},"end":{"line":21,"column":20}}},"fnMap":{},"branchMap":{},"s":{"0":1,"1":1,"2":1,"3":1},"f":{},"b":{}}
,"D:\\1. Learning\\Others\\mi-api\\src\\v1\\swagger.ts": {"path":"D:\\1. Learning\\Others\\mi-api\\src\\v1\\swagger.ts","statementMap":{"0":{"start":{"line":1,"column":0},"end":{"line":1,"column":41}},"1":{"start":{"line":2,"column":0},"end":{"line":2,"column":42}},"2":{"start":{"line":5,"column":16},"end":{"line":19,"column":null}},"3":{"start":{"line":22,"column":21},"end":{"line":22,"column":42}},"4":{"start":{"line":25,"column":27},"end":{"line":33,"column":1}},"5":{"start":{"line":26,"column":1},"end":{"line":26,"column":null}},"6":{"start":{"line":27,"column":1},"end":{"line":30,"column":null}},"7":{"start":{"line":28,"column":2},"end":{"line":28,"column":null}},"8":{"start":{"line":29,"column":2},"end":{"line":29,"column":null}},"9":{"start":{"line":32,"column":1},"end":{"line":32,"column":null}},"10":{"start":{"line":25,"column":13},"end":{"line":25,"column":27}}},"fnMap":{"0":{"name":"(anonymous_1)","decl":{"start":{"line":25,"column":27},"end":{"line":25,"column":28}},"loc":{"start":{"line":25,"column":50},"end":{"line":33,"column":1}}},"1":{"name":"(anonymous_2)","decl":{"start":{"line":27,"column":23},"end":{"line":27,"column":24}},"loc":{"start":{"line":27,"column":45},"end":{"line":30,"column":2}}}},"branchMap":{},"s":{"0":0,"1":0,"2":0,"3":0,"4":0,"5":0,"6":0,"7":0,"8":0,"9":0,"10":0},"f":{"0":0,"1":0},"b":{}}
,"D:\\1. Learning\\Others\\mi-api\\src\\v1\\routes\\userRoutes.ts": {"path":"D:\\1. Learning\\Others\\mi-api\\src\\v1\\routes\\userRoutes.ts","statementMap":{"0":{"start":{"line":1,"column":0},"end":{"line":1,"column":30}},"1":{"start":{"line":2,"column":0},"end":{"line":2,"column":75}},"2":{"start":{"line":3,"column":0},"end":{"line":3,"column":62}},"3":{"start":{"line":5,"column":15},"end":{"line":5,"column":31}},"4":{"start":{"line":29,"column":0},"end":{"line":29,"column":43}},"5":{"start":{"line":55,"column":0},"end":{"line":55,"column":36}},"6":{"start":{"line":58,"column":0},"end":{"line":58,"column":22}}},"fnMap":{},"branchMap":{},"s":{"0":1,"1":1,"2":1,"3":1,"4":1,"5":1,"6":1},"f":{},"b":{}}
}
