TN:
SF:src\index.ts
FN:13,(anonymous_1)
FN:29,oo_cm
FNF:2
FNH:2
FNDA:1,(anonymous_1)
FNDA:1,oo_cm
DA:1,1
DA:2,1
DA:3,1
DA:4,1
DA:6,1
DA:7,1
DA:10,1
DA:11,1
DA:12,1
DA:13,1
DA:14,1
DA:17,1
DA:19,1
DA:22,1
DA:29,1
LF:15
LH:15
BRDA:29,0,0,1
BRDA:29,0,1,1
BRF:2
BRH:2
end_of_record
TN:
SF:src\controllers\userController.ts
FN:4,(anonymous_8)
FN:4,(anonymous_9)
FN:15,(anonymous_10)
FN:15,(anonymous_11)
FN:35,oo_cm
FNF:5
FNH:5
FNDA:1,(anonymous_8)
FNDA:1,(anonymous_9)
FNDA:2,(anonymous_10)
FNDA:2,(anonymous_11)
FNDA:1,oo_cm
DA:2,1
DA:4,1
DA:5,1
DA:6,1
DA:9,1
DA:10,1
DA:12,1
DA:15,2
DA:16,2
DA:17,2
DA:18,1
DA:23,1
DA:35,1
LF:13
LH:13
BRDA:17,0,0,1
BRDA:35,1,0,1
BRDA:35,1,1,0
BRF:3
BRH:2
end_of_record
TN:
SF:src\middleware\errorHandler.ts
FN:3,errorHandler
FNF:1
FNH:0
FNDA:0,errorHandler
DA:3,1
DA:4,0
LF:2
LH:1
BRF:0
BRH:0
end_of_record
TN:
SF:src\middleware\joiValidation.ts
FN:4,(anonymous_1)
FN:15,(anonymous_2)
FNF:2
FNH:1
FNDA:1,(anonymous_1)
FNDA:0,(anonymous_2)
DA:2,1
DA:4,1
DA:5,1
DA:13,1
DA:14,1
DA:15,0
DA:18,1
LF:7
LH:6
BRDA:14,0,0,0
BRF:1
BRH:0
end_of_record
TN:
SF:src\models\userModel.ts
FNF:0
FNH:0
DA:1,1
DA:11,1
DA:19,1
DA:21,1
LF:4
LH:4
BRF:0
BRH:0
end_of_record
TN:
SF:src\v1\swagger.ts
FN:25,(anonymous_1)
FN:27,(anonymous_2)
FNF:2
FNH:0
FNDA:0,(anonymous_1)
FNDA:0,(anonymous_2)
DA:1,0
DA:2,0
DA:5,0
DA:22,0
DA:25,0
DA:26,0
DA:27,0
DA:28,0
DA:29,0
DA:32,0
LF:10
LH:0
BRF:0
BRH:0
end_of_record
TN:
SF:src\v1\routes\userRoutes.ts
FNF:0
FNH:0
DA:1,1
DA:2,1
DA:3,1
DA:5,1
DA:29,1
DA:55,1
DA:58,1
LF:7
LH:7
BRF:0
BRH:0
end_of_record
